# JRE version: Java(TM) SE Runtime Environment (8.0_271-b09) (build 1.8.0_271-b09)
# Java VM: Java HotSpot(TM) 64-Bit Server VM (25.271-b09 mixed mode windows-amd64 compressed oops)
Heap:
 PSYoungGen      total 74752K, used 68608K [0x00000000eab00000, 0x00000000f1500000, 0x0000000100000000)
  eden space 68608K, 100% used [0x00000000eab00000,0x00000000eee00000,0x00000000eee00000)
  from space 6144K, 0% used [0x00000000eee00000,0x00000000eee00000,0x00000000ef400000)
  to   space 6144K, 66% used [0x00000000f0f00000,0x00000000f1304030,0x00000000f1500000)
 ParOldGen       total 699392K, used 14556K [0x00000000c0000000, 0x00000000eab00000, 0x00000000eab00000)
  object space 699392K, 2% used [0x00000000c0000000,0x00000000c0e37038,0x00000000eab00000)
 Metaspace       used 39826K, capacity 40450K, committed 40744K, reserved 1083392K
  class space    used 5620K, capacity 5829K, committed 5936K, reserved 1048576K
GC Heap History (10 events):
Event: 10.059 GC heap after
Heap after GC invocations=11 (full 1):
 PSYoungGen      total 51200K, used 3276K [0x00000000eab00000, 0x00000000ee800000, 0x0000000100000000)
  eden space 47616K, 0% used [0x00000000eab00000,0x00000000eab00000,0x00000000ed980000)
  from space 3584K, 91% used [0x00000000ee480000,0x00000000ee7b3088,0x00000000ee800000)
  to   space 5632K, 0% used [0x00000000edd00000,0x00000000edd00000,0x00000000ee280000)
 ParOldGen       total 32768K, used 10341K [0x00000000c0000000, 0x00000000c2000000, 0x00000000eab00000)
  object space 32768K, 31% used [0x00000000c0000000,0x00000000c0a19568,0x00000000c2000000)
 Metaspace       used 24100K, capacity 24426K, committed 24624K, reserved 1071104K
  class space    used 3434K, capacity 3557K, committed 3632K, reserved 1048576K
}
Event: 11.007 GC heap before
{Heap before GC invocations=12 (full 1):
 PSYoungGen      total 51200K, used 50892K [0x00000000eab00000, 0x00000000ee800000, 0x0000000100000000)
  eden space 47616K, 100% used [0x00000000eab00000,0x00000000ed980000,0x00000000ed980000)
  from space 3584K, 91% used [0x00000000ee480000,0x00000000ee7b3088,0x00000000ee800000)
  to   space 5632K, 0% used [0x00000000edd00000,0x00000000edd00000,0x00000000ee280000)
 ParOldGen       total 32768K, used 10341K [0x00000000c0000000, 0x00000000c2000000, 0x00000000eab00000)
  object space 32768K, 31% used [0x00000000c0000000,0x00000000c0a19568,0x00000000c2000000)
 Metaspace       used 27133K, capacity 27540K, committed 27824K, reserved 1073152K
  class space    used 3820K, capacity 3954K, committed 4016K, reserved 1048576K
Event: 11.036 GC heap after
Heap after GC invocations=12 (full 1):
 PSYoungGen      total 56832K, used 4109K [0x00000000eab00000, 0x00000000ef980000, 0x0000000100000000)
  eden space 51200K, 0% used [0x00000000eab00000,0x00000000eab00000,0x00000000edd00000)
  from space 5632K, 72% used [0x00000000edd00000,0x00000000ee103458,0x00000000ee280000)
  to   space 5632K, 0% used [0x00000000ef400000,0x00000000ef400000,0x00000000ef980000)
 ParOldGen       total 32768K, used 11057K [0x00000000c0000000, 0x00000000c2000000, 0x00000000eab00000)
  object space 32768K, 33% used [0x00000000c0000000,0x00000000c0acc588,0x00000000c2000000)
 Metaspace       used 27133K, capacity 27540K, committed 27824K, reserved 1073152K
  class space    used 3820K, capacity 3954K, committed 4016K, reserved 1048576K
}
Event: 13.979 GC heap before
{Heap before GC invocations=13 (full 1):
 PSYoungGen      total 56832K, used 55309K [0x00000000eab00000, 0x00000000ef980000, 0x0000000100000000)
  eden space 51200K, 100% used [0x00000000eab00000,0x00000000edd00000,0x00000000edd00000)
  from space 5632K, 72% used [0x00000000edd00000,0x00000000ee103458,0x00000000ee280000)
  to   space 5632K, 0% used [0x00000000ef400000,0x00000000ef400000,0x00000000ef980000)
 ParOldGen       total 32768K, used 11057K [0x00000000c0000000, 0x00000000c2000000, 0x00000000eab00000)
  object space 32768K, 33% used [0x00000000c0000000,0x00000000c0acc588,0x00000000c2000000)
 Metaspace       used 31521K, capacity 32010K, committed 32304K, reserved 1077248K
  class space    used 4435K, capacity 4623K, committed 4656K, reserved 1048576K
Event: 14.005 GC heap after
Heap after GC invocations=13 (full 1):
 PSYoungGen      total 74240K, used 5316K [0x00000000eab00000, 0x00000000efe00000, 0x0000000100000000)
  eden space 68608K, 0% used [0x00000000eab00000,0x00000000eab00000,0x00000000eee00000)
  from space 5632K, 94% used [0x00000000ef400000,0x00000000ef931140,0x00000000ef980000)
  to   space 6144K, 0% used [0x00000000eee00000,0x00000000eee00000,0x00000000ef400000)
 ParOldGen       total 32768K, used 13057K [0x00000000c0000000, 0x00000000c2000000, 0x00000000eab00000)
  object space 32768K, 39% used [0x00000000c0000000,0x00000000c0cc07b0,0x00000000c2000000)
 Metaspace       used 31521K, capacity 32010K, committed 32304K, reserved 1077248K
  class space    used 4435K, capacity 4623K, committed 4656K, reserved 1048576K
}
Event: 15.773 GC heap before
{Heap before GC invocations=14 (full 1):
 PSYoungGen      total 74240K, used 23497K [0x00000000eab00000, 0x00000000efe00000, 0x0000000100000000)
  eden space 68608K, 26% used [0x00000000eab00000,0x00000000ebcc1448,0x00000000eee00000)
  from space 5632K, 94% used [0x00000000ef400000,0x00000000ef931140,0x00000000ef980000)
  to   space 6144K, 0% used [0x00000000eee00000,0x00000000eee00000,0x00000000ef400000)
 ParOldGen       total 32768K, used 13057K [0x00000000c0000000, 0x00000000c2000000, 0x00000000eab00000)
  object space 32768K, 39% used [0x00000000c0000000,0x00000000c0cc07b0,0x00000000c2000000)
 Metaspace       used 34657K, capacity 35176K, committed 35496K, reserved 1079296K
  class space    used 4817K, capacity 5028K, committed 5040K, reserved 1048576K
Event: 15.786 GC heap after
Heap after GC invocations=14 (full 1):
 PSYoungGen      total 74752K, used 2609K [0x00000000eab00000, 0x00000000f1500000, 0x0000000100000000)
  eden space 68608K, 0% used [0x00000000eab00000,0x00000000eab00000,0x00000000eee00000)
  from space 6144K, 42% used [0x00000000eee00000,0x00000000ef08c748,0x00000000ef400000)
  to   space 6144K, 0% used [0x00000000f0f00000,0x00000000f0f00000,0x00000000f1500000)
 ParOldGen       total 32768K, used 15066K [0x00000000c0000000, 0x00000000c2000000, 0x00000000eab00000)
  object space 32768K, 45% used [0x00000000c0000000,0x00000000c0eb6880,0x00000000c2000000)
 Metaspace       used 34657K, capacity 35176K, committed 35496K, reserved 1079296K
  class space    used 4817K, capacity 5028K, committed 5040K, reserved 1048576K
}
Event: 15.786 GC heap before
{Heap before GC invocations=15 (full 2):
 PSYoungGen      total 74752K, used 2609K [0x00000000eab00000, 0x00000000f1500000, 0x0000000100000000)
  eden space 68608K, 0% used [0x00000000eab00000,0x00000000eab00000,0x00000000eee00000)
  from space 6144K, 42% used [0x00000000eee00000,0x00000000ef08c748,0x00000000ef400000)
  to   space 6144K, 0% used [0x00000000f0f00000,0x00000000f0f00000,0x00000000f1500000)
 ParOldGen       total 32768K, used 15066K [0x00000000c0000000, 0x00000000c2000000, 0x00000000eab00000)
  object space 32768K, 45% used [0x00000000c0000000,0x00000000c0eb6880,0x00000000c2000000)
 Metaspace       used 34657K, capacity 35176K, committed 35496K, reserved 1079296K
  class space    used 4817K, capacity 5028K, committed 5040K, reserved 1048576K
Event: 15.921 GC heap after
Heap after GC invocations=15 (full 2):
 PSYoungGen      total 74752K, used 0K [0x00000000eab00000, 0x00000000f1500000, 0x0000000100000000)
  eden space 68608K, 0% used [0x00000000eab00000,0x00000000eab00000,0x00000000eee00000)
  from space 6144K, 0% used [0x00000000eee00000,0x00000000eee00000,0x00000000ef400000)
  to   space 6144K, 0% used [0x00000000f0f00000,0x00000000f0f00000,0x00000000f1500000)
 ParOldGen       total 47616K, used 14548K [0x00000000c0000000, 0x00000000c2e80000, 0x00000000eab00000)
  object space 47616K, 30% used [0x00000000c0000000,0x00000000c0e35038,0x00000000c2e80000)
 Metaspace       used 34657K, capacity 35176K, committed 35496K, reserved 1079296K
  class space    used 4817K, capacity 5028K, committed 5040K, reserved 1048576K
}
Event: 19.817 GC heap before
{Heap before GC invocations=16 (full 2):
 PSYoungGen      total 74752K, used 68608K [0x00000000eab00000, 0x00000000f1500000, 0x0000000100000000)
  eden space 68608K, 100% used [0x00000000eab00000,0x00000000eee00000,0x00000000eee00000)
  from space 6144K, 0% used [0x00000000eee00000,0x00000000eee00000,0x00000000ef400000)
  to   space 6144K, 0% used [0x00000000f0f00000,0x00000000f0f00000,0x00000000f1500000)
 ParOldGen       total 47616K, used 14548K [0x00000000c0000000, 0x00000000c2e80000, 0x00000000eab00000)
  object space 47616K, 30% used [0x00000000c0000000,0x00000000c0e35038,0x00000000c2e80000)
 Metaspace       used 39826K, capacity 40450K, committed 40744K, reserved 1083392K
  class space    used 5620K, capacity 5829K, committed 5936K, reserved 1048576K

